15 [139802137857152] INFO perfrun.launcher <> - Launcher main begin
17 [139802137857152] INFO perfrun.launcher <> - MessageCatalogInit finished
17 [139802137857152] INFO perfrun.launcher <> - Launcher instance created
18 [139802137857152] INFO perfrun.launcher <> - argc = 7; cmdline = /opt/intel/oneapi/vtune/2023.0.0/bin64/amplxe-runss --ui-output-format xml --ui-output-fd 5 --option-file /usr/local/data/r000hs/config/runss.options 
67 [139802137857152] INFO perfrun.launcher <> - create msngr2::ICliToolContext
69 [139802137857152] INFO perfrun.launcher <> - create file finder object
70 [139802137857152] INFO perfrun.launcher <> - create a result directory: pattern = /usr/local/data/r000hs pid = 4294967295
80 [139802137857152] INFO perfrun.sdk <> - checked that the directory /usr/local/data/r000hs is a local directory
83 [139802137857152] INFO perfrun.sdk <> - the directory /usr/local/data/r000hs is located on a share or its FS ID is unknown 1702057286
83 [139802137857152] INFO perfrun.sdk <> - checked that the directory /tmp/amplxe-tmp-root is a local directory
84 [139802137857152] INFO perfrun.sdk <> - the directory /tmp/amplxe-tmp-root is located on a share or its FS ID is unknown 2035054128
89 [139802137857152] INFO perfrun.launcher <> - create data directory = /usr/local/data/r000hs/data.0
94 [139802137857152] INFO perfrun.launcher <> - Creating the master collection flag
98 [139802137857152] INFO perfrun.launcher <> - Done creating the master collection flag
100 [139801986590272] INFO perfrun.launcher <> - plugin [remoteplug] was disabled because it doesn't support the given collection type.
101 [139801986590272] INFO perfrun.sdk <> - Allocating TMU :/usr/local/data/r000hs/data.0/systemcollector-103-6c0dbc9d2ea3.sc
105 [139801986590272] INFO perfrun.system <> - Tpss based collection
105 [139801986590272] INFO perfrun.launcher <> - plugin [ptracecollector] was disabled because it doesn't support the given collection type.
106 [139801986590272] INFO perfrun.launcher <> - plugin [gpu] was disabled because it doesn't support the given collection type.
106 [139801986590272] INFO perfrun.launcher <> - plugin [] was disabled because it doesn't support the given collection type.
107 [139801986590272] INFO perfrun.launcher <> - plugin [] was disabled because it doesn't support the given collection type.
107 [139801986590272] INFO perfrun.launcher <> - plugin [] was disabled because it doesn't support the given collection type.
107 [139801986590272] INFO perfrun.mrte <> - system-wide mode is 0
108 [139801986590272] INFO perfrun.mrte <> - Getting  mrte profiling environment ...
129 [139801986590272] INFO perfrun.mrte <> - INTEL_MRTE_DATA_DIR=/usr/local/data/r000hs/data.0
130 [139801986590272] INFO perfrun.mrte <> - INTEL_MRTE_HOST_NAME=6c0dbc9d2ea3
130 [139801986590272] INFO perfrun.mrte <> - JAVA_TOOL_OPTIONS=-agentlib:amplxe_tpssmrte_javaprof_1.0 -Dsun.boot.library.path=/opt/intel/oneapi/vtune/2023.0.0/lib32/runtime:/opt/intel/oneapi/vtune/2023.0.0/lib64/runtime
130 [139801986590272] INFO perfrun.mrte <> - LD_LIBRARY_PATH=/opt/intel/oneapi/vtune/2023.0.0/lib32/runtime:/opt/intel/oneapi/vtune/2023.0.0/lib64/runtime
131 [139801986590272] INFO perfrun.mrte <> - CORECLR_ENABLE_PROFILING=1
131 [139801986590272] INFO perfrun.mrte <> - CORECLR_PROFILER={AA5E4821-E3B1-479c-B7FF-5AD047D22CED}
132 [139801986590272] INFO perfrun.mrte <> - CORECLR_PROFILER_PATH=/opt/intel/oneapi/vtune/2023.0.0/lib64/libamplxe_samplingmrte_clrprof_1.0.so
133 [139801986590272] INFO perfrun.mrte <> - INTEL_MRTE_PROFILER_MODE=mixed
133 [139801986590272] INFO perfrun.mrte <> - Data directory: /usr/local/data/r000hs/data.0
133 [139801986590272] INFO perfrun.mrte <> - Mrte plugin is initialized
134 [139801986590272] INFO perfrun.launcher <> - plugin [emon] was disabled because it doesn't support the given collection type.
135 [139801986590272] INFO perfrun.launcher <> - plugin [cuscol] was disabled because it doesn't support the given collection type.
135 [139801986590272] INFO perfrun.launcher <> - plugin [stdsrc] was disabled because it doesn't support the given collection type.
136 [139801986590272] INFO perfrun.launcher <> - plugin [sep] was disabled because it doesn't support the given collection type.
137 [139801986590272] INFO perfrun.launcher <> - plugin [vtsspp] was disabled because it doesn't support the given collection type.
137 [139801986590272] INFO perfrun.launcher <> - plugin [perf] was disabled because it doesn't support the given collection type.
138 [139801986590272] INFO perfrun.launcher <> - plugin [aoclprofile] was disabled because it doesn't support the given collection type.
138 [139801986590272] INFO perfrun.tpss <> - initialize tpss controller
139 [139801986590272] INFO perfrun.tpss <> - configure collection mode: value = cpu:counters:nostack
139 [139801986590272] INFO perfrun.tpss <> - configure collection mode: value = cpu:stack
140 [139801986590272] INFO perfrun.tpss <> - default obj-size-min=1024
140 [139801986590272] INFO perfrun.tpss <> - default hash-table-size=0
140 [139801986590272] INFO perfrun.launcher <> - plugin [media] was disabled because it doesn't support the given collection type.
141 [139801986590272] INFO perfrun.launcher <> - plugin [] was disabled because it doesn't support the given collection type.
141 [139801986590272] INFO perfrun.launcher <> - plugin [] was disabled because it doesn't support the given collection type.
142 [139801986590272] INFO perfrun.launcher <> - plugin [parallelfs] was disabled because it doesn't support the given collection type.
142 [139801986590272] INFO perfrun.launcher <> - plugin [power] was disabled because it doesn't support the given collection type.
143 [139801986590272] INFO perfrun.launcher <> - plugin [hwloc] was disabled because it doesn't support the given collection type.
143 [139801986590272] INFO perfrun.launcher <> - plugin [ipmwatch] was disabled because it doesn't support the given collection type.
144 [139801986590272] INFO perfrun.launcher <> - plugin [os_counters] was disabled because it doesn't support the given collection type.
144 [139801986590272] INFO perfrun.launcher <> - plugin [l0_metrics] was disabled because it doesn't support the given collection type.
145 [139802137857152] INFO perfrun.launcher <> - set environment variable: LD_LIBRARY_PATH = /opt/intel/oneapi/vtune/2023.0.0/lib32/runtime:/opt/intel/oneapi/vtune/2023.0.0/lib64/runtime
145 [139802137857152] INFO perfrun.launcher <> - set environment variable: INTEL_LIBITTNOTIFY32 = /opt/intel/oneapi/vtune/2023.0.0/lib32/runtime/libittnotify_collector.so
146 [139802137857152] INFO perfrun.launcher <> - set environment variable: INTEL_LIBITTNOTIFY64 = /opt/intel/oneapi/vtune/2023.0.0/lib64/runtime/libittnotify_collector.so
147 [139802137857152] INFO perfrun.launcher <> - set environment variable: INTEL_ITTNOTIFY_GROUPS = 
148 [139802137857152] INFO perfrun.launcher <> - set environment variable: INTEL_JIT_PROFILER32 = /opt/intel/oneapi/vtune/2023.0.0/lib32/runtime/libittnotify_collector.so
149 [139802137857152] INFO perfrun.launcher <> - set environment variable: INTEL_JIT_PROFILER64 = /opt/intel/oneapi/vtune/2023.0.0/lib64/runtime/libittnotify_collector.so
149 [139802137857152] INFO perfrun.launcher <> - set environment variable: OMP_TOOL_LIBRARIES = /opt/intel/oneapi/vtune/2023.0.0/lib32/runtime/libittnotify_collector.so:/opt/intel/oneapi/vtune/2023.0.0/lib64/runtime/libittnotify_collector.so
150 [139802137857152] INFO perfrun.launcher <> - set environment variable: ENABLE_JITPROFILING = 1
151 [139802137857152] INFO perfrun.launcher <> - set environment variable: CL_CONFIG_USE_VTUNE = True
151 [139802137857152] INFO perfrun.launcher <> - set environment variable: KMP_FORKJOIN_FRAMES = 0
152 [139802137857152] INFO perfrun.launcher <> - set environment variable: KMP_FORKJOIN_FRAMES_MODE = 0
153 [139802137857152] INFO perfrun.launcher <> - set environment variable: OMP_TOOL = disabled
154 [139802137857152] INFO perfrun.launcher <> - set environment variable: INTEL_MRTE_DATA_DIR = /usr/local/data/r000hs/data.0
154 [139802137857152] INFO perfrun.launcher <> - set environment variable: INTEL_MRTE_HOST_NAME = 6c0dbc9d2ea3
155 [139802137857152] INFO perfrun.launcher <> - set environment variable: JAVA_TOOL_OPTIONS = -agentlib:amplxe_tpssmrte_javaprof_1.0 -Dsun.boot.library.path=/opt/intel/oneapi/vtune/2023.0.0/lib32/runtime:/opt/intel/oneapi/vtune/2023.0.0/lib64/runtime
156 [139802137857152] INFO perfrun.launcher <> - set environment variable: LD_LIBRARY_PATH = /opt/intel/oneapi/vtune/2023.0.0/lib32/runtime:/opt/intel/oneapi/vtune/2023.0.0/lib64/runtime
157 [139802137857152] INFO perfrun.launcher <> - set environment variable: CORECLR_ENABLE_PROFILING = 1
158 [139802137857152] INFO perfrun.launcher <> - set environment variable: CORECLR_PROFILER = {AA5E4821-E3B1-479c-B7FF-5AD047D22CED}
158 [139802137857152] INFO perfrun.launcher <> - set environment variable: CORECLR_PROFILER_PATH = /opt/intel/oneapi/vtune/2023.0.0/lib64/libamplxe_samplingmrte_clrprof_1.0.so
159 [139802137857152] INFO perfrun.launcher <> - set environment variable: INTEL_MRTE_PROFILER_MODE = mixed
160 [139802137857152] INFO perfrun.launcher <> - RpcServer: run RPC server to handle requests
166 [139802137857152] ERROR perfrun.launcher <> - Messenger::say: Binary `d2q9-bgk' cannot be executed. Suggestion: Make sure the file exists, specified location is correct, and you have privileges to run the file.
167 [139802137857152] INFO perfrun.launcher <> - Application exit code: 0
167 [139802137857152] INFO perfrun.launcher <> - Exit code: 1
