14 [139900915543168] INFO perfrun.launcher <> - Launcher main begin
15 [139900915543168] INFO perfrun.launcher <> - MessageCatalogInit finished
16 [139900915543168] INFO perfrun.launcher <> - Launcher instance created
16 [139900915543168] INFO perfrun.launcher <> - argc = 6; cmdline = /opt/intel/oneapi/vtune/2023.0.0/bin64/amplxe-runss -dump-vdso -r /usr/local/data/r002hs --tmp-dir /tmp/amplxe-tmp-root 
65 [139900915543168] INFO perfrun.launcher <> - create msngr2::ICliToolContext
66 [139900915543168] INFO perfrun.launcher <> - create file finder object
68 [139900766643776] INFO perfrun.launcher <> - plugin [remoteplug] was disabled because it doesn't support the given collection type.
69 [139900766643776] INFO perfrun.launcher <> - plugin [system] was disabled because it doesn't support the given collection type.
69 [139900766643776] INFO perfrun.vdso <> - dumping [vdso] pseudomodule
83 [139900766643776] INFO perfrun.launcher <> - plugin [itt] was disabled because it doesn't support the given collection type.
83 [139900766643776] INFO perfrun.launcher <> - plugin [ptracecollector] was disabled because it doesn't support the given collection type.
84 [139900766643776] INFO perfrun.launcher <> - plugin [gpu] was disabled because it doesn't support the given collection type.
84 [139900766643776] INFO perfrun.launcher <> - plugin [] was disabled because it doesn't support the given collection type.
85 [139900766643776] INFO perfrun.launcher <> - plugin [] was disabled because it doesn't support the given collection type.
85 [139900766643776] INFO perfrun.launcher <> - plugin [] was disabled because it doesn't support the given collection type.
86 [139900766643776] INFO perfrun.launcher <> - plugin [mrte] was disabled because it doesn't support the given collection type.
86 [139900766643776] INFO perfrun.launcher <> - plugin [emon] was disabled because it doesn't support the given collection type.
87 [139900766643776] INFO perfrun.launcher <> - plugin [cuscol] was disabled because it doesn't support the given collection type.
87 [139900766643776] INFO perfrun.launcher <> - plugin [stdsrc] was disabled because it doesn't support the given collection type.
88 [139900766643776] INFO perfrun.launcher <> - plugin [sep] was disabled because it doesn't support the given collection type.
89 [139900766643776] INFO perfrun.launcher <> - plugin [vtsspp] was disabled because it doesn't support the given collection type.
89 [139900766643776] INFO perfrun.launcher <> - plugin [perf] was disabled because it doesn't support the given collection type.
90 [139900766643776] INFO perfrun.launcher <> - plugin [aoclprofile] was disabled because it doesn't support the given collection type.
90 [139900766643776] INFO perfrun.launcher <> - plugin [tpss] was disabled because it doesn't support the given collection type.
91 [139900766643776] INFO perfrun.launcher <> - plugin [media] was disabled because it doesn't support the given collection type.
91 [139900766643776] INFO perfrun.launcher <> - plugin [] was disabled because it doesn't support the given collection type.
92 [139900766643776] INFO perfrun.launcher <> - plugin [] was disabled because it doesn't support the given collection type.
92 [139900766643776] INFO perfrun.launcher <> - plugin [parallelfs] was disabled because it doesn't support the given collection type.
93 [139900766643776] INFO perfrun.launcher <> - plugin [power] was disabled because it doesn't support the given collection type.
93 [139900766643776] INFO perfrun.launcher <> - plugin [hwloc] was disabled because it doesn't support the given collection type.
94 [139900766643776] INFO perfrun.launcher <> - plugin [ipmwatch] was disabled because it doesn't support the given collection type.
94 [139900766643776] INFO perfrun.launcher <> - plugin [os_counters] was disabled because it doesn't support the given collection type.
95 [139900766643776] INFO perfrun.launcher <> - plugin [l0_metrics] was disabled because it doesn't support the given collection type.
95 [139900915543168] INFO perfrun.launcher <> - Application exit code: 0
96 [139900915543168] INFO perfrun.launcher <> - Exit code: 0
